<?xml version="1.0" encoding="UTF-8"?>
<!-- Generated by org.testng.reporters.JUnitXMLReporter -->
<testsuite ignored="0" hostname="LAPTOP-1DLSL8MV" failures="0" tests="2" name="Surefire test" time="7.838" errors="0" timestamp="2022-03-19T10:43:05 MSK">
  <testcase classname="ru.mirapolis.Login.LoginTest" name="wrongLoginTest on wrongLoginTest(ru.mirapolis.Login.LoginTest)" time="3.034"/>
  <testcase classname="ru.mirapolis.Login.LoginTest" name="successfulLoginTest on successfulLoginTest(ru.mirapolis.Login.LoginTest)" time="7.79"/>
</testsuite> <!-- Surefire test -->
