<?xml version="1.0" encoding="UTF-8"?>
<!-- Generated by org.testng.reporters.JUnitXMLReporter -->
<testsuite ignored="0" hostname="LAPTOP-1DLSL8MV" failures="0" tests="2" name="Surefire test" time="9.943" errors="0" timestamp="2022-03-18T22:41:58 MSK">
  <testcase classname="ru.mirapolis.AuthorizationTest" name="authorization on authorization(ru.mirapolis.AuthorizationTest)" time="8.272"/>
  <testcase classname="ru.mirapolis.AuthorizationTest" name="test on test(ru.mirapolis.AuthorizationTest)" time="9.657"/>
</testsuite> <!-- Surefire test -->
