<?xml version="1.0" encoding="UTF-8"?>
<testng-results ignored="0" total="2" passed="2" failed="0" skipped="0">
  <reporter-output>
  </reporter-output>
  <suite started-at="2022-03-18T22:41:48 MSK" name="Surefire suite" finished-at="2022-03-18T22:41:58 MSK" duration-ms="9943">
    <groups>
    </groups>
    <test started-at="2022-03-18T22:41:48 MSK" name="Surefire test" finished-at="2022-03-18T22:41:58 MSK" duration-ms="9943">
      <class name="ru.mirapolis.AuthorizationTest">
        <test-method signature="authorization()" started-at="2022-03-18T22:41:48 MSK" name="authorization" finished-at="2022-03-18T22:41:57 MSK" duration-ms="8272" status="PASS">
          <reporter-output>
          </reporter-output>
        </test-method> <!-- authorization -->
        <test-method signature="test()" started-at="2022-03-18T22:41:48 MSK" name="test" finished-at="2022-03-18T22:41:58 MSK" duration-ms="9657" status="PASS">
          <reporter-output>
          </reporter-output>
        </test-method> <!-- test -->
      </class> <!-- ru.mirapolis.AuthorizationTest -->
    </test> <!-- Surefire test -->
  </suite> <!-- Surefire suite -->
</testng-results>
